TN:
SF:/workspace/rush-env/rush-var/src/ast.rs
FN:185,<impl Display for Error>::fmt
FNF:1
FNDA:1,<impl Display for Error>::fmt
DA:185,1
DA:186,1
DA:187,1
DA:188,1
DA:189,1
DA:190,1
DA:191,1
LF:7
LH:7
end_of_record
TN:
SF:/workspace/rush-env/rush-var/src/env.rs
FN:13,Value::scalar
FN:18,Value::array
FN:23,Value::assoc
FN:28,Value::is_empty
FN:37,Value::to_scalar
FN:49,Value::to_array
FN:58,Value::len
FN:67,Value::keys
FN:75,Value::values
FN:98,<impl Default for Env>::default
FN:105,Env::new
FN:118,Env::set
FN:123,Env::set_scalar
FN:128,Env::set_array
FN:133,Env::set_assoc
FN:138,Env::get
FN:143,Env::is_set
FN:148,Env::is_set_and_non_empty
FN:153,Env::unset
FN:158,Env::get_special
FN:173,Env::get_positional
FN:182,Env::set_positional
FN:187,Env::get_names_with_prefix
FN:192,Env::get_all_names
FNF:24
FNDA:6,Value::scalar
FNDA:3,Value::array
FNDA:2,Value::assoc
FNDA:1,Value::is_empty
FNDA:1,Value::to_scalar
FNDA:1,Value::to_array
FNDA:1,Value::len
FNDA:1,Value::keys
FNDA:1,Value::values
FNDA:1,<impl Default for Env>::default
FNDA:4,Env::new
FNDA:1,Env::set
FNDA:3,Env::set_scalar
FNDA:3,Env::set_array
FNDA:1,Env::set_assoc
FNDA:1,Env::get
FNDA:1,Env::is_set
FNDA:1,Env::is_set_and_non_empty
FNDA:1,Env::unset
FNDA:1,Env::get_special
FNDA:1,Env::get_positional
FNDA:1,Env::set_positional
FNDA:1,Env::get_names_with_prefix
FNDA:1,Env::get_all_names
DA:13,6
DA:14,6
DA:18,3
DA:19,5
DA:23,2
DA:24,5
DA:28,1
DA:29,1
DA:30,1
DA:31,1
DA:32,1
DA:37,1
DA:38,1
DA:39,1
DA:40,1
DA:41,2
DA:43,3
DA:49,1
DA:50,1
DA:51,1
DA:52,1
DA:53,1
DA:58,1
DA:59,1
DA:60,1
DA:61,1
DA:62,1
DA:67,1
DA:68,1
DA:69,1
DA:70,1
DA:75,1
DA:76,1
DA:77,1
DA:78,1
DA:79,1
DA:98,1
DA:99,1
DA:105,4
DA:107,3
DA:108,4
DA:109,4
DA:110,4
DA:111,4
DA:112,4
DA:113,4
DA:118,1
DA:119,2
DA:123,3
DA:124,7
DA:128,3
DA:129,5
DA:133,1
DA:134,4
DA:138,1
DA:139,1
DA:143,1
DA:144,1
DA:148,1
DA:149,3
DA:153,1
DA:154,1
DA:158,1
DA:159,1
DA:160,1
DA:161,1
DA:162,1
DA:163,1
DA:164,1
DA:165,1
DA:166,1
DA:167,1
DA:168,1
DA:173,1
DA:174,2
DA:175,1
DA:177,2
DA:182,1
DA:183,4
DA:187,1
DA:188,3
DA:192,1
DA:193,1
LF:83
LH:83
end_of_record
TN:
SF:/workspace/rush-env/rush-var/src/eval.rs
FNF:0
DA:41,1
DA:42,1
DA:44,2
DA:45,2
DA:48,1
DA:49,1
DA:51,3
DA:53,2
DA:56,1
DA:57,2
DA:59,1
DA:63,1
DA:65,1
DA:69,1
DA:70,1
DA:71,1
DA:72,2
DA:73,1
DA:76,1
DA:79,2
DA:80,1
DA:81,1
DA:82,1
DA:83,1
DA:85,4
DA:86,1
DA:88,1
DA:90,2
DA:92,2
DA:96,0
DA:97,0
DA:101,0
DA:102,0
DA:106,1
DA:107,2
DA:109,1
DA:110,1
DA:111,1
DA:112,2
DA:115,2
DA:116,2
DA:117,0
DA:121,1
DA:124,1
DA:127,1
DA:128,2
DA:129,2
DA:131,1
DA:132,2
DA:133,2
DA:137,1
DA:138,2
DA:139,2
DA:140,2
DA:142,2
DA:145,1
DA:146,2
DA:147,2
DA:150,1
DA:152,2
DA:155,2
DA:156,2
DA:158,0
DA:162,1
DA:164,4
DA:165,2
DA:166,2
DA:167,1
DA:171,1
DA:172,1
DA:173,1
DA:174,2
DA:176,2
DA:177,1
DA:178,0
DA:181,1
DA:183,1
DA:184,4
DA:185,1
DA:187,2
DA:188,1
DA:189,0
DA:192,1
DA:201,2
DA:202,3
DA:203,2
DA:205,2
DA:208,1
DA:209,2
DA:211,3
DA:212,2
DA:215,1
DA:221,1
DA:229,1
DA:231,2
DA:232,2
DA:234,1
DA:238,0
DA:239,0
DA:241,0
DA:243,0
DA:247,2
DA:248,2
DA:250,2
DA:254,3
DA:255,1
DA:256,1
DA:258,1
DA:265,1
DA:266,1
DA:267,3
DA:268,1
DA:270,0
DA:272,2
DA:273,4
DA:274,1
DA:276,1
DA:278,5
DA:279,1
DA:281,1
DA:286,1
DA:287,1
DA:291,1
DA:292,2
DA:293,1
DA:295,1
DA:296,1
DA:297,1
DA:300,1
DA:301,1
DA:302,2
DA:305,1
DA:306,1
DA:307,2
DA:308,3
DA:311,1
DA:313,0
DA:315,1
DA:316,1
DA:317,1
DA:318,1
DA:321,1
DA:322,1
DA:323,2
DA:324,1
DA:325,1
DA:328,0
DA:330,0
DA:335,1
DA:337,2
DA:338,1
DA:341,5
DA:342,2
DA:343,1
DA:344,1
DA:346,1
DA:348,2
DA:349,1
DA:351,3
DA:353,2
DA:357,1
DA:358,2
DA:359,1
DA:361,2
DA:364,2
DA:365,1
DA:367,2
DA:370,1
DA:374,1
DA:375,1
DA:377,2
DA:378,1
DA:379,2
DA:380,1
DA:381,2
DA:382,2
DA:384,1
DA:385,1
DA:387,0
DA:389,2
DA:390,1
DA:393,1
DA:395,2
DA:396,1
DA:401,1
DA:405,1
DA:406,1
DA:407,1
DA:408,1
DA:410,3
DA:411,1
DA:412,2
DA:413,1
DA:414,1
DA:416,0
DA:421,4
DA:422,1
DA:424,0
DA:429,1
DA:430,1
DA:431,1
DA:432,1
DA:434,3
DA:435,2
DA:437,0
DA:440,0
DA:445,1
DA:449,1
DA:452,1
DA:453,4
DA:454,2
DA:457,1
DA:458,2
DA:459,1
DA:462,1
DA:463,2
DA:464,1
DA:465,1
DA:470,0
DA:472,0
DA:473,0
DA:474,0
DA:475,0
DA:476,0
DA:477,0
DA:479,0
DA:482,0
DA:483,0
DA:484,0
DA:485,0
DA:486,0
DA:487,0
DA:489,0
DA:495,1
DA:497,1
DA:499,1
DA:503,1
DA:505,2
DA:506,1
DA:507,1
DA:508,0
DA:509,0
DA:510,1
DA:512,1
DA:516,3
DA:517,1
DA:519,0
DA:523,2
DA:525,1
DA:527,1
DA:534,1
DA:535,1
DA:537,1
DA:540,1
DA:541,1
DA:543,1
DA:544,1
DA:545,1
DA:546,2
DA:547,2
DA:549,2
DA:552,2
DA:557,2
DA:558,1
DA:560,2
DA:561,2
DA:562,3
DA:567,1
DA:571,3
DA:575,1
DA:581,1
DA:582,2
DA:584,1
DA:585,2
DA:586,1
DA:587,2
DA:588,1
DA:591,1
DA:594,2
DA:595,1
DA:596,1
DA:597,1
DA:600,1
DA:605,1
DA:606,1
DA:609,2
DA:610,2
DA:611,1
DA:612,1
DA:616,1
DA:617,2
DA:620,2
DA:622,2
DA:623,1
DA:626,2
DA:627,1
DA:632,1
DA:633,1
DA:636,3
DA:637,1
DA:638,2
DA:639,1
DA:640,1
DA:641,1
DA:643,1
DA:648,1
DA:649,2
DA:650,2
DA:652,2
DA:653,2
DA:656,1
DA:660,4
DA:661,1
DA:663,1
DA:668,3
DA:669,1
DA:671,0
DA:678,1
DA:679,1
DA:680,2
DA:682,3
DA:683,2
DA:685,1
DA:688,2
DA:689,2
DA:692,2
DA:693,1
DA:694,2
DA:696,2
DA:699,2
DA:702,2
DA:706,1
DA:707,1
DA:710,1
DA:711,1
DA:712,2
DA:714,2
DA:717,1
DA:718,1
DA:719,1
DA:722,2
DA:725,2
DA:726,1
DA:728,2
DA:729,2
DA:731,1
DA:735,2
DA:736,1
DA:738,1
DA:743,1
DA:744,0
DA:747,2
DA:748,4
DA:749,2
DA:752,1
DA:754,3
DA:755,1
DA:757,1
DA:760,2
DA:761,2
DA:763,3
DA:765,1
DA:766,1
DA:769,1
DA:772,2
DA:773,1
DA:775,1
DA:779,1
DA:780,2
DA:781,1
DA:783,1
DA:790,1
DA:791,3
DA:795,1
DA:796,1
DA:798,2
DA:799,1
DA:802,1
DA:803,3
DA:804,1
DA:805,1
DA:806,2
DA:807,1
DA:813,1
LF:384
LH:343
end_of_record
TN:
SF:/workspace/rush-env/rush-var/src/lexer.rs
FN:11,Lexer<'a>::new
FN:16,Lexer<'a>::pos
FN:21,Lexer<'a>::peek
FN:26,Lexer<'a>::peek_ahead
FN:31,Lexer<'a>::next_char
FN:41,Lexer<'a>::skip_whitespace
FN:48,Lexer<'a>::is_at_end
FN:53,Lexer<'a>::remaining
FN:58,Lexer<'a>::read_identifier
FN:81,Lexer<'a>::read_number
FN:114,Lexer<'a>::read_until_unescaped
FN:139,Lexer<'a>::read_until_any
FN:164,Lexer<'a>::read_flag_args
FN:198,Lexer<'a>::expect
FN:207,Lexer<'a>::matches
FN:212,Lexer<'a>::matches_str
FN:217,Lexer<'a>::consume_str
FNF:17
FNDA:1,Lexer<'a>::new
FNDA:1,Lexer<'a>::pos
FNDA:1,Lexer<'a>::peek
FNDA:1,Lexer<'a>::peek_ahead
FNDA:2,Lexer<'a>::next_char
FNDA:1,Lexer<'a>::skip_whitespace
FNDA:1,Lexer<'a>::is_at_end
FNDA:1,Lexer<'a>::remaining
FNDA:1,Lexer<'a>::read_identifier
FNDA:1,Lexer<'a>::read_number
FNDA:1,Lexer<'a>::read_until_unescaped
FNDA:1,Lexer<'a>::read_until_any
FNDA:1,Lexer<'a>::read_flag_args
FNDA:1,Lexer<'a>::expect
FNDA:1,Lexer<'a>::matches
FNDA:2,Lexer<'a>::matches_str
FNDA:2,Lexer<'a>::consume_str
DA:11,1
DA:16,1
DA:17,1
DA:21,1
DA:22,2
DA:26,1
DA:27,1
DA:31,2
DA:32,3
DA:33,3
DA:34,2
DA:36,1
DA:41,1
DA:42,3
DA:43,1
DA:48,1
DA:49,1
DA:53,1
DA:54,2
DA:58,1
DA:59,2
DA:62,1
DA:63,3
DA:64,1
DA:67,2
DA:68,1
DA:69,2
DA:71,0
DA:77,1
DA:81,1
DA:82,1
DA:83,2
DA:86,1
DA:87,3
DA:88,1
DA:89,1
DA:94,2
DA:95,4
DA:96,1
DA:97,1
DA:98,1
DA:100,0
DA:104,3
DA:105,1
DA:108,1
DA:109,1
DA:114,1
DA:115,1
DA:116,1
DA:118,2
DA:119,2
DA:120,1
DA:121,1
DA:122,1
DA:123,2
DA:124,1
DA:125,1
DA:126,1
DA:127,1
DA:128,0
DA:130,1
DA:131,1
DA:135,1
DA:139,1
DA:140,1
DA:141,1
DA:143,2
DA:144,3
DA:145,1
DA:146,1
DA:147,1
DA:148,3
DA:149,1
DA:150,1
DA:151,1
DA:152,4
DA:153,0
DA:155,2
DA:156,2
DA:160,2
DA:164,1
DA:165,1
DA:167,2
DA:168,1
DA:170,0
DA:171,1
DA:172,1
DA:174,1
DA:175,2
DA:176,0
DA:177,0
DA:179,2
DA:180,2
DA:181,0
DA:183,0
DA:186,0
DA:187,0
DA:189,0
DA:194,1
DA:198,1
DA:199,1
DA:200,2
DA:201,1
DA:202,1
DA:207,1
DA:208,1
DA:212,2
DA:213,1
DA:217,2
DA:218,3
DA:219,3
DA:220,1
DA:222,1
LF:113
LH:101
end_of_record
TN:
SF:/workspace/rush-env/rush-var/src/parser.rs
FN:16,Parser<'a>::new
FN:21,Parser<'a>::parse_braced
FN:89,Parser<'a>::parse_flags
FN:111,Parser<'a>::parse_single_flag
FN:239,Parser<'a>::parse_base_expr
FN:247,Parser<'a>::parse_target
FN:285,Parser<'a>::parse_index
FN:320,Parser<'a>::parse_operations
FN:508,Parser<'a>::parse_replace_operation
FN:542,Parser<'a>::parse_path_modifiers
FN:582,Parser<'a>::parse_word_until
FN:649,parse_braced
FN:655,find_expansions
FNF:13
FNDA:1,Parser<'a>::new
FNDA:1,Parser<'a>::parse_braced
FNDA:1,Parser<'a>::parse_flags
FNDA:1,Parser<'a>::parse_single_flag
FNDA:2,Parser<'a>::parse_base_expr
FNDA:2,Parser<'a>::parse_target
FNDA:1,Parser<'a>::parse_index
FNDA:2,Parser<'a>::parse_operations
FNDA:1,Parser<'a>::parse_replace_operation
FNDA:1,Parser<'a>::parse_path_modifiers
FNDA:1,Parser<'a>::parse_word_until
FNDA:1,parse_braced
FNDA:1,find_expansions
DA:16,1
DA:17,1
DA:21,1
DA:23,1
DA:24,1
DA:28,3
DA:31,5
DA:33,4
DA:35,1
DA:37,1
DA:38,1
DA:41,1
DA:45,6
DA:46,1
DA:47,1
DA:49,1
DA:53,4
DA:56,4
DA:57,1
DA:58,1
DA:59,1
DA:64,3
DA:65,1
DA:66,1
DA:67,0
DA:72,3
DA:73,1
DA:77,4
DA:80,2
DA:81,2
DA:83,2
DA:85,2
DA:89,1
DA:90,1
DA:92,3
DA:93,1
DA:96,3
DA:97,1
DA:98,1
DA:101,2
DA:102,2
DA:104,2
DA:107,2
DA:111,1
DA:112,1
DA:113,0
DA:115,0
DA:117,1
DA:118,1
DA:119,1
DA:120,1
DA:122,1
DA:123,1
DA:124,1
DA:126,1
DA:127,1
DA:128,1
DA:130,1
DA:131,1
DA:132,1
DA:134,1
DA:135,1
DA:136,1
DA:138,1
DA:139,1
DA:140,1
DA:142,1
DA:143,1
DA:144,1
DA:146,1
DA:147,1
DA:148,1
DA:150,1
DA:151,1
DA:152,1
DA:154,1
DA:155,1
DA:156,1
DA:158,1
DA:159,1
DA:160,1
DA:162,1
DA:163,1
DA:164,1
DA:166,1
DA:167,1
DA:168,1
DA:170,1
DA:171,1
DA:172,1
DA:174,1
DA:175,1
DA:176,1
DA:178,1
DA:179,1
DA:180,1
DA:182,1
DA:183,1
DA:184,1
DA:186,0
DA:187,1
DA:188,3
DA:189,1
DA:190,1
DA:191,2
DA:192,2
DA:193,2
DA:195,1
DA:198,2
DA:201,0
DA:202,1
DA:203,3
DA:204,1
DA:205,1
DA:206,2
DA:207,2
DA:208,2
DA:210,1
DA:213,2
DA:216,0
DA:217,1
DA:218,1
DA:219,1
DA:220,4
DA:222,1
DA:225,0
DA:226,1
DA:227,1
DA:228,1
DA:229,4
DA:231,1
DA:234,1
DA:239,2
DA:240,1
DA:241,4
DA:243,1
DA:247,2
DA:249,1
DA:250,2
DA:251,1
DA:252,1
DA:253,1
DA:254,1
DA:255,1
DA:260,1
DA:261,1
DA:262,1
DA:263,1
DA:264,1
DA:265,1
DA:272,2
DA:273,3
DA:274,1
DA:277,1
DA:278,2
DA:279,1
DA:280,2
DA:285,1
DA:286,2
DA:287,3
DA:290,1
DA:293,3
DA:294,3
DA:295,1
DA:296,2
DA:297,0
DA:299,3
DA:301,1
DA:302,1
DA:304,2
DA:305,1
DA:309,1
DA:310,2
DA:311,2
DA:314,2
DA:315,1
DA:320,2
DA:321,1
DA:322,3
DA:323,0
DA:324,1
DA:327,2
DA:328,3
DA:330,2
DA:331,0
DA:333,0
DA:335,2
DA:336,1
DA:337,1
DA:339,1
DA:342,1
DA:343,1
DA:344,0
DA:345,1
DA:348,4
DA:350,2
DA:351,0
DA:353,0
DA:355,2
DA:356,1
DA:357,1
DA:359,1
DA:362,1
DA:363,1
DA:364,0
DA:365,1
DA:368,0
DA:369,1
DA:370,2
DA:371,1
DA:372,1
DA:373,0
DA:374,1
DA:375,1
DA:378,0
DA:379,1
DA:380,1
DA:381,1
DA:382,1
DA:383,0
DA:384,1
DA:385,1
DA:388,0
DA:389,1
DA:390,1
DA:391,1
DA:392,1
DA:393,0
DA:394,1
DA:395,1
DA:398,0
DA:399,1
DA:400,1
DA:401,1
DA:402,1
DA:403,0
DA:404,1
DA:405,1
DA:408,2
DA:410,1
DA:411,1
DA:412,1
DA:413,1
DA:416,2
DA:419,0
DA:420,4
DA:421,1
DA:422,1
DA:423,1
DA:424,1
DA:425,1
DA:426,1
DA:429,1
DA:430,1
DA:431,1
DA:432,1
DA:433,1
DA:434,1
DA:438,0
DA:439,4
DA:440,1
DA:441,1
DA:442,1
DA:443,1
DA:444,1
DA:445,1
DA:448,1
DA:449,1
DA:450,1
DA:451,1
DA:452,1
DA:453,1
DA:457,1
DA:458,3
DA:460,0
DA:461,1
DA:462,1
DA:463,1
DA:464,1
DA:465,0
DA:466,1
DA:467,1
DA:470,0
DA:471,1
DA:472,1
DA:473,1
DA:474,1
DA:475,0
DA:476,1
DA:477,1
DA:480,0
DA:481,1
DA:482,1
DA:483,1
DA:484,1
DA:485,0
DA:486,1
DA:487,1
DA:490,0
DA:491,1
DA:492,1
DA:493,1
DA:494,1
DA:495,0
DA:496,1
DA:497,1
DA:500,0
DA:504,2
DA:508,1
DA:509,1
DA:511,2
DA:512,1
DA:513,1
DA:514,3
DA:515,1
DA:516,1
DA:517,4
DA:518,1
DA:519,1
DA:521,1
DA:524,2
DA:526,2
DA:527,2
DA:529,1
DA:531,1
DA:533,1
DA:534,1
DA:535,1
DA:536,1
DA:537,1
DA:542,1
DA:543,1
DA:545,2
DA:546,1
DA:547,0
DA:548,1
DA:549,1
DA:551,0
DA:552,1
DA:553,1
DA:555,0
DA:556,1
DA:557,1
DA:559,0
DA:560,1
DA:561,1
DA:563,0
DA:564,1
DA:565,1
DA:567,0
DA:568,1
DA:569,1
DA:571,0
DA:572,2
DA:574,0
DA:578,1
DA:582,1
DA:583,1
DA:584,1
DA:586,2
DA:587,2
DA:588,0
DA:591,1
DA:593,2
DA:594,0
DA:595,0
DA:599,3
DA:600,2
DA:601,2
DA:602,4
DA:603,1
DA:604,1
DA:605,2
DA:606,2
DA:608,1
DA:609,1
DA:610,7
DA:611,1
DA:612,1
DA:613,2
DA:614,1
DA:617,1
DA:618,1
DA:619,2
DA:625,0
DA:626,0
DA:627,0
DA:630,2
DA:634,1
DA:635,1
DA:640,2
DA:641,2
DA:644,1
DA:649,1
DA:650,1
DA:651,1
DA:655,1
DA:656,1
DA:657,2
DA:658,1
DA:660,2
DA:661,4
DA:662,1
DA:664,1
DA:666,1
DA:667,2
DA:669,3
DA:670,1
DA:671,2
DA:673,2
DA:674,1
DA:675,1
DA:676,2
DA:677,2
DA:678,1
DA:679,1
DA:681,1
DA:687,2
DA:690,2
DA:692,1
DA:694,5
DA:696,2
DA:698,2
DA:700,3
DA:701,2
DA:705,5
DA:706,2
DA:710,2
DA:720,1
DA:721,1
DA:723,1
DA:726,2
DA:730,1
LF:433
LH:385
end_of_record
